имейте в виду клиенту{1.потребитель}.


MULTIPLE MEANINGS:

1  customer: client - клиенту; consumer - потребитель

имейте в виду клиенту{1.потребитель} каждые efforthas бытым делающее,
чтобы гарантировать, что информация в этом справочнике полная точная и
современная.


MULTIPLE MEANINGS:

1  customer: client - клиенту; consumer - потребитель

имейте в виду клиенту{1.потребитель} каждое усилие был сделан, чтобы
гарантировать, что информация в этом справочнике полная точная и
современная.


MULTIPLE MEANINGS:

1  customer: client - клиенту; consumer - потребитель

имейте в виду клиенту{1.потребитель} каждое усилие был сделан, чтобы
гарантировать, что информация в этом справочнике полная точная и
современная.


MULTIPLE MEANINGS:

1  customer: client - клиенту; consumer - потребитель

приобретите ваш телефон и слушайте для абонента tone,then нажимать tht
ключи{1.клавиша} для числа, которое Вы хотите вызывать{2.называть}.


MULTIPLE MEANINGS:

1  keys: to the lock - ключи; of the keyboard - клавиша
2  call: summon - вызывать; name - называть

приобретите ваш телефон и слушайте для абонента tone,then нажимать tht
ключи{1.клавиша} для числа, которое Вы хотите вызывать{2.называть}.


MULTIPLE MEANINGS:

1  keys: to the lock - ключи; of the keyboard - клавиша
2  call: summon - вызывать; name - называть

2.5 литр, 20 клапан, поперечный 5- цилиндр двигатель ingection
проявления 170 hp. Микропроцессора управлял зажиганием с стук{1.удар}
sensor. 4 - ускоренный с помощью электроники управляемым автоматической
передачей с тремя другими{2.различный} программами изменения
шестерни{3.передача} и замок{4.блокировка} - по функции на верхе три
дорогие.


MULTIPLE MEANINGS:

1  knock: on the door - стук; hit - удар
2  different: another - другими; various - различный
3  gear: toothed wheel - шестерни; adjustment of speed - передача
4  lock: lock the door - замок; blocking - блокировка

2.5 литр, 20 клапан, поперечный 5- цилиндр двигатель ingection
проявления 170 hp. Микропроцессора управлял зажиганием с стук{1.удар}
sensor. 4 - ускоренный с помощью электроники управляемым автоматической
передачей с тремя другими{2.различный} программами изменения
шестерни{3.передача} и замок{4.блокировка} - по функции на верхе три
дорогие.


MULTIPLE MEANINGS:

1  knock: on the door - стук; hit - удар
2  different: another - другими; various - различный
3  gear: toothed wheel - шестерни; adjustment of speed - передача
4  lock: lock the door - замок; blocking - блокировка

2.5 литр, 20 клапан, поперечный 5- цилиндр двигатель ingection
проявления 170 hp. Микропроцессора управлял зажиганием с стук{1.удар}
sensor. 4 - ускоренный с помощью электроники управляемым автоматической
передачей с тремя другими{2.различный} программами изменения
шестерни{3.передача} и замок{4.блокировка} - по функции на верхе три
дорогие.


MULTIPLE MEANINGS:

1  knock: on the door - стук; hit - удар
2  different: another - другими; various - различный
3  gear: toothed wheel - шестерни; adjustment of speed - передача
4  lock: lock the door - замок; blocking - блокировка

подобно.
Микропроцессор controed зажигание с стук{1.удар} sensor. 4 скорости с
помощью электроники управляемым автоматической передачей с тремя
другими{2.различный} шестернями{3.передача}, изменяющими программы и
функцию тупик на верхе три шестерни{4.передача} или 5 ускоренная ручная
передача.


MULTIPLE MEANINGS:

1  knock: on the door - стук; hit - удар
2  different: another - другими; various - различный
3  gear: toothed wheel - шестернями; adjustment of speed - передача
4  gears: toothed wheel - шестерни; adjustment of speed - передача

Микропроцессор controed зажигание с стук{1.удар} sensor. 4 скорости с
помощью электроники управляемым автоматической передачей с тремя
другими{2.различный} шестернями{3.передача}, изменяющими программы и
функцию тупик на верхе три шестерни{4.передача} или 5 ускоренная ручная
передача.


MULTIPLE MEANINGS:

1  knock: on the door - стук; hit - удар
2  different: another - другими; various - различный
3  gear: toothed wheel - шестернями; adjustment of speed - передача
4  gears: toothed wheel - шестерни; adjustment of speed - передача

Микропроцессор controed зажигание с стук{1.удар} sensor. 4 скорости с
помощью электроники управляемым автоматической передачей с тремя
другими{2.различный} шестернями{3.передача}, изменяющими программы и
функцию тупик на верхе три шестерни{4.передача} или 5 ускоренная ручная
передача.


MULTIPLE MEANINGS:

1  knock: on the door - стук; hit - удар
2  different: another - другими; various - различный
3  gear: toothed wheel - шестернями; adjustment of speed - передача
4  gears: toothed wheel - шестерни; adjustment of speed - передача

Стальная безопасность помещает в клетку включая боковую систему защиты
влияния{1.столкновение} и энергию, поглощающий переднего плана зон
деформации и rear. Мощности{2.право} поможенному стойка и шестерней
steering. Переднего Плана- проезд{3.накопитель} колесо.


MULTIPLE MEANINGS:

1  impact: influence - влияния; collision - столкновение
2  power: ability;electricity - Мощности; the right - право
3  drive: driveway - проезд; computers - накопитель

Стальная безопасность помещает в клетку включая боковую систему защиты
влияния{1.столкновение} и энергию, поглощающий переднего плана зон
деформации и rear. Мощности{2.право} поможенному стойка и шестерней
steering. Переднего Плана- проезд{3.накопитель} колесо.


MULTIPLE MEANINGS:

1  impact: influence - влияния; collision - столкновение
2  power: ability;electricity - Мощности; the right - право
3  drive: driveway - проезд; computers - накопитель

Стальная безопасность помещает в клетку включая боковую систему защиты
влияния{1.столкновение} и энергию, поглощающий переднего плана зон
деформации и rear. Мощности{2.право} поможенному стойка и шестерней
steering. Переднего Плана- проезд{3.накопитель} колесо.


MULTIPLE MEANINGS:

1  impact: influence - влияния; collision - столкновение
2  power: ability;electricity - Мощности; the right - право
3  drive: driveway - проезд; computers - накопитель

Стальная безопасность помещает в клетку включая боковую систему защиты
влияния{1.столкновение} и энергию, поглощающий переднего плана зон
деформации и rear. Мощности{2.право} поможенному стойка и шестерней
steering. Переднего Плана- проезд{3.накопитель} колесо.


MULTIPLE MEANINGS:

1  impact: influence - влияния; collision - столкновение
2  power: ability;electricity - Мощности; the right - право
3  drive: driveway - проезд; computers - накопитель

Стальная безопасность помещает в клетку включая боковую систему защиты
влияния{1.столкновение} и энергию, поглощающий переднего плана зон
деформации и rear. Мощности{2.право} поможенному стойка и шестерней
steering. Переднего Плана- проезд{3.накопитель} колесо.


MULTIPLE MEANINGS:

1  impact: influence - влияния; collision - столкновение
2  power: ability;electricity - Мощности; the right - право
3  drive: driveway - проезд; computers - накопитель

Стальная безопасность помещает в клетку включая боковую систему защиты
влияния{1.столкновение} и энергию, поглощающий переднего плана зон
деформации и rear. Мощности{2.право} поможенному стойка и шестерней
steering. Переднего Плана- проезд{3.накопитель} колесо.


MULTIPLE MEANINGS:

1  impact: influence - влияния; collision - столкновение
2  power: ability;electricity - Мощности; the right - право
3  drive: driveway - проезд; computers - накопитель

Стальная безопасность помещает в клетку включая боковую систему защиты
влияния{1.столкновение} и энергию, поглощающий переднего плана зон
деформации и rear. Мощности{2.право} поможенному стойка и шестерней
steering. Переднего Плана- проезд{3.накопитель} колесо.


MULTIPLE MEANINGS:

1  impact: influence - влияния; collision - столкновение
2  power: ability;electricity - Мощности; the right - право
3  drive: driveway - проезд; computers - накопитель

Стальная безопасность помещает в клетку включая боковую систему защиты
влияния{1.столкновение} и энергию, поглощающий переднего плана зон
деформации и rear. Мощности{2.право} поможенному стойка и шестерней
steering. Переднего Плана- проезд{3.накопитель} колесо.


MULTIPLE MEANINGS:

1  impact: influence - влияния; collision - столкновение
2  power: ability;electricity - Мощности; the right - право
3  drive: driveway - проезд; computers - накопитель

driveline.
driveline.
Четыре мира сначала.
Автоматическая корректировка{1.регулирование;поправка;установка;сборка}
пристяжной ремень.


MULTIPLE MEANINGS:

1  adjustment: correction - корректировка; control - регулирование;
               small change - поправка; setting - установка;
               assembling - сборка

Привет.
Добро пожаловать.
У меня есть 10 долларов.
Я имею вокруг ars.
Я имею около 10 долларов.
Распевать sleeds разумно.
Тролль спит разумно.
Тролль спит разумно.
Тролль спит но когда Вы передаете вдоль его разбудивет.
Распевать sleeps;but когда Вы передаете вдоль его разбудивет.
Распевать sleeps,but когда Вы передаете вдоль его разбудивет.
Тролль спит но когда Вы передаете вдоль его разбудивет.
Тролль спит но когда Вы открываете дверь{1.вход} он разбудивет.


MULTIPLE MEANINGS:

1  door: physical door - дверь; entrance - вход

Тролль спит но когда Вы открываете дверь{1.вход} он встает.


MULTIPLE MEANINGS:

1  door: physical door - дверь; entrance - вход

Тролль спит но когда Вы открываете дверь{1.вход} он разбудивет.


MULTIPLE MEANINGS:

1  door: physical door - дверь; entrance - вход

Я аббатиса{1.игуменья}.


MULTIPLE MEANINGS:

1  abbess: female head of an abbey - аббатиса;
           female head of a monastery - игуменья

Я аббатиса{1.игуменья}, стоящая в двери{2.вход}.


MULTIPLE MEANINGS:

1  abbess: female head of an abbey - аббатиса;
           female head of a monastery - игуменья
2  door: physical door - двери; entrance - вход

В Zork Вы изучите некоторую наиболее удивительную территорию когда-либо,
видимую смертельными.
В Zork Вы изучите некоторую наиболее удивительную территорию когда-либо,
видимую смертельным.
В Zork Вы изучите некоторую наиболее удивительную территорию когда-либо
увиденную смертельным.
В Zork Вы изучите некоторую наиболее удивительную территорию когда-либо,
видимую смертельным.
В Zork Вы изучите некоторую наиболее удивительную территорию когда-либо,
видимую mortal. Проблемой приходя.
В Zork Вы изучите некоторую наиболее удивительную территорию когда-либо,
видимую mortal. Проблемой приходит.
В Zork Вы изучите некоторую наиболее удивительную территорию когда-либНет.
Нет.
И нет, он нет -.
нет.
имеется ли нечто.
быть нечто.
имеется ли нечто.
имеется ли стол{1.пульт}.


MULTIPLE MEANINGS:

1  desk: table - стол; console - пульт

скажите, - там стол{1.пульт}.


MULTIPLE MEANINGS:

1  desk: table - стол; console - пульт

имеется ли стол{1.пульт}.


MULTIPLE MEANINGS:

1  desk: table - стол; console - пульт

если Вы можете, тогда делать это.
если Вы не можете, тогда нет делать.
нет.
нет.
номер моего стола{1.пульт}.


MULTIPLE MEANINGS:

1  desk: table - стола; console - пульт

номер моего стола{1.пульт}.


MULTIPLE MEANINGS:

1  desk: table - стола; console - пульт

номер моего небольшого стола{1.пульт}.


MULTIPLE MEANINGS:

1  desk: table - стола; console - пульт

номер небольшого моего стола{1.пульт}.


MULTIPLE MEANINGS:

1  desk: table - стола; console - пульт

номер небольшого моего занятия.
мое занятие.
занятие.
занятие.
я делаю.
я делая.
мое занятие.
нет.
нет мощности{1.право}.


MULTIPLE MEANINGS:

1  power: ability;electricity - мощности; the right - право

нет.
никакое плохое.
нет.
нет.
когда Вы знаете.
поскольку Вы знаете;.
поскольку узнать;.
как иметь знать.
как У меня есть известный.
как У меня есть известный;.
когда Вы знаете.
тем не менее, с это.
тем не менее, с это (,.
тем не менее, с это (вещи),.
тем не менее, с это.
"зеленое" табличное покрытие{1.кожух}.


MULTIPLE MEANINGS:

1  cover: any covering - покрытие; casing - кожух

The"green" табличное покрытие{1.кожух}.


MULTIPLE MEANINGS:

1  cover: any covering - покрытие; casing - кожух

"Зеленое" табличное покрытие{1.кожух}.


MULTIPLE MEANINGS:

1  cover: any covering - покрытие; casing - кожух

'Зеленое' табличное покрытие{1.кожух}.


MULTIPLE MEANINGS:

1  cover: any covering - покрытие; casing - кожух

Зеленое табличное покрытие{1.кожух}.


MULTIPLE MEANINGS:

1  cover: any covering - покрытие; casing - кожух

зеленый-синий.
зеленый синий.
зеленый-синий.
green'blue.
green"blue.
зеленый синий.
green^blue.
зеленый-синий.
зеленый-синий.
зеленый-синий.
зеленоватый.
зеленоватый-синий.
зеленоватый.
"зеленое" табличное покрытие{1.кожух}.


MULTIPLE MEANINGS:

1  cover: any covering - покрытие; casing - кожух

"Зеленое" табличное покрытие{1.кожух}.


MULTIPLE MEANINGS:

1  cover: any covering - покрытие; casing - кожух

g2een Табличное покрытие{1.кожух}.


MULTIPLE MEANINGS:

1  cover: any covering - покрытие; casing - кожух

Зеленое табличное покрытие{1.кожух}.


MULTIPLE MEANINGS:

1  cover: any covering - покрытие; casing - кожух

"Зеленое" табличное покрытие{1.кожух}.


MULTIPLE MEANINGS:

1  cover: any covering - покрытие; casing - кожух

Зеленое табличное покрытие{1.кожух}.


MULTIPLE MEANINGS:

1  cover: any covering - покрытие; casing - кожух

"Зеленое" табличное покрытие{1.кожух}.


MULTIPLE MEANINGS:

1  cover: any covering - покрытие; casing - кожух

"Зеленое" покрытие{1.кожух}.


MULTIPLE MEANINGS:

1  cover: any covering - покрытие; casing - кожух

"Зеленое" покрытие{1.кожух} покрытия{2.кожух}.


MULTIPLE MEANINGS:

1  cover: any covering - покрытие; casing - кожух
2  cover: any covering - покрытия; casing - кожух

"Зеленое" табличное покрытие{1.кожух}.


MULTIPLE MEANINGS:

1  cover: any covering - покрытие; casing - кожух

Как табличное покрытие{1.кожух}, он работает.


MULTIPLE MEANINGS:

1  cover: any covering - покрытие; casing - кожух

Как 15, он работает.
Как $, он работает.
Затем, в течение шторма{1.буря} мы были, усилите, чтобы приземляться.


MULTIPLE MEANINGS:

1  storm: on the sea - шторма; wind - буря

Затем в течение шторма{1.буря} мы были, усилите, чтобы приземляться.


MULTIPLE MEANINGS:

1  storm: on the sea - шторма; wind - буря

Затем в течение шторма{1.буря} мы усиливались, чтобы приземляться.


MULTIPLE MEANINGS:

1  storm: on the sea - шторма; wind - буря

Но после того, как авария{1.случайность} он имеет, все изменили.


MULTIPLE MEANINGS:

1  accident: mishap - авария; occurrence - случайность

как стол{1.таблица}, он работает.


MULTIPLE MEANINGS:

1  table: piece of furniture - стол; chart - таблица

поскольку двигатель был старым; мы заменили это.
как двигатель был старым мы заменили это.
поскольку двигатель был старым; мы заменили это.
поскольку двигатель был старым, мы заменили это.
как двигатель был old. мы заменили это.
как двигатель был старым: мы заменили это.
поскольку двигатель был старым; мы заменили это.
поскольку двигатель был старым, мы заменили это.
как машинный jus старый, мы заменили это.
как двигатель старый старый, мы заменили это.
как двигатель старый old,t.
поскольку двигатель был старым,.
поскольку двигатель я обладаю очень старое,.
стол{1.таблица} когда-либо, видимый смертельными.


MULTIPLE MEANINGS:

1  table: piece of furniture - стол; chart - таблица

стол{1.таблица} когда-либо увиденный смертельным.


MULTIPLE MEANINGS:

1  table: piece of furniture - стол; chart - таблица

стол{1.таблица} когда-либо, видимый мной.


MULTIPLE MEANINGS:

1  table: piece of furniture - стол; chart - таблица

стол{1.таблица} когда-либо, видимый мной.


MULTIPLE MEANINGS:

1  table: piece of furniture - стол; chart - таблица

стол{1.таблица} когда-либо увиденный для меня.


MULTIPLE MEANINGS:

1  table: piece of furniture - стол; chart - таблица

стол{1.таблица} когда-либо, видимый мной.


MULTIPLE MEANINGS:

1  table: piece of furniture - стол; chart - таблица

видимый мной.
когда-либо, видимый мной.
когда-либо сделанное.
когда-либо, делаемый посредством.
когда-либо сделанное.
когда-либо, делаемый посредством.
никогда не делайте посредством.
когда-либо, делаемый посредством.
всегда яркий.
когда-либо сделанное.
когда-либо принесенное пользу.
когда-либо, делаемый посредством хорошего.
когда-либо, делаемый посредством меня.
эта вещь, делаемая посредством меня.
эта вещь, видимая мной.
видимый мной.
увиденное меня.
видимый ним.
увиденное ним.
увиденное ним.
увиденное его.
увиденное его.
увиденное его.
увиденное ним.
он увидeл ним.
он увидeл смертельными.
территория увиденная смертельными.
территория увиденная смертельными.
когда-либо увиденное смертельными.
территория когда-либо увиденная смертельными.
когда-либо, видимый смертельными.
когда-либо увиденное смертельными.
когда-либо, видимый смертельными.
видимый смертельными.
видимый.
увиденное.
видимый.
себя.
самособственность/.
собственность/.
делать.
самоделать.
самоделать.
делать.
смотри.
смотри.
возвратите это.
пошлите это.
возвратите это.
возвратите.
установите это с.
устанавливаемый с.
уплатите по счету.
уплатите по счету.
возьмите отчасти greate преимущество{1.выгода}.


MULTIPLE MEANINGS:

1  advantage: superiority - преимущество; profits - выгода

возьмите отчасти большое преимущество{1.выгода}.


MULTIPLE MEANINGS:

1  advantage: superiority - преимущество; profits - выгода

имейте большое преимущество перед.
имейте занятие преимущества перед.
имейте преимущество мухи{1.ширинка} перед.


MULTIPLE MEANINGS:

1  fly: insect - мухи; on trousers - ширинка

имейте преимущество стола{1.таблица} перед.


MULTIPLE MEANINGS:

1  table: piece of furniture - стола; chart - таблица

имейте преимущество стола{1.таблица} перед.


MULTIPLE MEANINGS:

1  table: piece of furniture - стола; chart - таблица

имейте зеленое преимущество перед.
возьмите зеленое красное преимущество{1.выгода}.


MULTIPLE MEANINGS:

1  advantage: superiority - преимущество; profits - выгода

имейте красное преимущество перед.
воспользуйтесь преимуществом над.
условие этого раздела.
срок{1.условие;термин} этого хорошего параграфа.


MULTIPLE MEANINGS:

1  term: date - срок; condition - условие; word;phrase - термин

условие раздела.
плотно, если дерьмо, тогда делать это.
при профессиональной подготовке.
если.
затем.
если нечто, тогда ничто.
если нечто, тогда ничто.
когда нечто случается, тогда ничто.
затем затем.
затем.
, затем.
это, затем.
он затем.
it,then.
это, затем.
или хороший или плохо.
также хороший, или плохо.
также , или плохо.
или хороший или плохо.
или хороший или плохо.
также хороший, или плохо.
или хороший? или плохо.
также хороший, или плохо.
или хороший или плохо.
или хороший парень или плохой парень.
или хороший парень или плохой парень.
также хороший парень, или плохой парень.
также или плохой парень.
или goor или плохой парень.
или хороший или плохой парень.
очень хорошая перспективная вещь.
сделайте очень хорошую перспективную вещь.
сделайте очень хорошую и перспективную зеленую вещь.
сделайте перспективную вещь.
заставьте это обещая.
сделайте перспективную вещь.
сделайте перспективную вещь.
сделайте пешспективную вещь.
сделайте перспективхую вещь.
тем не менее, и переходя места меня.
если это, тогда это.
если это тогда это.
при это тогда это.
если this,then это.
если это, тогда вертолет.
при это тогда вертолет.
при это тогда вертолет.
если это, тогда вертолет.
при это тогда вертолет.
при это тогда вертолет.
если это, тогда вертолет.
при это тогда вертолет.
при этом он тогда вертолет.
если это он, тогда вертолет.
при этом он тогда вертолет.
при этом он тогда это.
при этом это делает тогда это.
при это и это затем да.
если это и это, тогда да.
если затем да.
при нем затем да.
при нем затем да.
если он затем да.
тем не менее, если истинность затем да.
тем не менее, если стойте затем да.
тем не менее, если стойте затем да.
тем не менее, если стойте затем yes. истинность.
тем не менее, если стойте затем yes. истинность.
тем не менее, если стойте затем yes. истинность стоимая.
тем не менее, если стойте затем yes. true. стоимого.
стоимость.
истинность.
истинность.
true. стоил.
истинность стоила.
истиные издержки.
истинность стоила.
истиные издержки.
издержки.
стоимость.
издержки.
стоимость.
если стойте затем да.
если стоило, тогда да.
при стоимости затем да.
истинность.
стоимость.
плевать.
чтение.
набор.
чтобы установить.
набор.
набор.
набор.
если.
затем.
всякий раз, когда.
принем.
кроме.
так.
если стойте затем.
если стол{1.таблица} затем.


MULTIPLE MEANINGS:

1  table: piece of furniture - стол; chart - таблица

при формулировке затем.
если стоится.
следовательно const.
следовательно стоится.
следовательно стваем.
следовательно стоится.
джон стоил.
джон стоил.
aasds стоили.
стоимость счета{1.купюра;законопроект;афиша;клюв;билл}.


MULTIPLE MEANINGS:

1  bill: statement of charges - счета; bank note - купюра;
         proposed law - законопроект; poster - афиша; beak - клюв;
         name - билл

стваем счет{1.купюра;законопроект;афиша;клюв;билл}.


MULTIPLE MEANINGS:

1  bill: statement of charges - счет; bank note - купюра;
         proposed law - законопроект; poster - афиша; beak - клюв;
         name - билл

стоимого стоило.
стоимого стоило стоило.
стоимого стоило.
это стоило.
стойте этого.
стоимость.
стоимость.
стоимость.
если стоится.
если стоится.
(Zork).
проблема.
проблема.
проблема получает.
проблема получая.
стоимость.
стоимость.
феномен.
феномен.
феномен.
рывок.
рывок.
соединение.
уставать.
шина.
ZORK - игр риска, опасность, и низкая хитрость.
ZORK - игр риска, занятие , и низкая хитрость.
ZORK - игр риска, и низкая хитрость.
ZORK - игр риска и низкой хитрости.
ZORK - игр риска, и низкая хитрость.
снизьте хитрость.
и низкая хитрость.
и низкая хитрость.
снизьте хитрость.
и низкая хитрость.
снизьте хитрость.
или низкая хитрость.
и низкая хитрость.
, снизьте хитрость.
снизьте хитрость.
очень снизьте хитрость.
снизьте хитрость.
и низкая хитрость.
и низкая хитрость.
, снизьте хитрость.
и низкая хитрость.
и низкая хитрость.
и низкая хитрость.
снизьте хитрость.
и низкая хитрость.
и низкая хитрость.
и низкая хитрость.
и низкая хитрость.
и низкая хитрость.
и низкая хитрость здесь.
меня низкая хитрость здесь.
снизьте хитрость здесь.
моя низкая хитрость.
(хитрость).
хитрость.
низкий уровень.
снизьте хитрость.
низкий низкий уровень.
и низкая хитрость.
снизьте хитрость.
низкий низкий уровень.
снизьте, интересующимся.
снизьте плавание.
и низкий плавание.
и низкий выигрыш.
низкий выигрыш.
снизьте плавание.
снизьте плавание здесь.
снизьте плавание.
низкий выигрыш.
низкий выигрыш.
снизьте победа.
снизьте.
снизьте хитрость.
и низкая хитрость.
и низкий выигрыш.
низкий выигрыш.
снизьте хитрость.
низкая сестра.
снизьте кормление.
и низкий кормление.
снизьте кормление.
низкий уровень.
низкий уровень:.
снизьте нечто.
низкий уровень: нечто.
снизьте нечто.
низкий уровень: нечто.
снизьте нечто.
снизьте хитрость.
снизьте хитрость.
снизьте хитрость.
снизьте лес{1.дерево}.


MULTIPLE MEANINGS:

1  wood: forest - лес; tree - дерево

низкий низкий уровень.
низкий уровень.
низкий уровень и.
снизьте очень.
снизьте лес{1.дерево}.


MULTIPLE MEANINGS:

1  wood: forest - лес; tree - дерево

низкий низкий уровень.
низкий низкий низкий уровень.
низкий низкий низкий низкий уровень.
снизьте лес{1.дерево}.


MULTIPLE MEANINGS:

1  wood: forest - лес; tree - дерево

низкий опрос.
снизьте лес{1.дерево}.


MULTIPLE MEANINGS:

1  wood: forest - лес; tree - дерево

низкий опрос.
опрос опроса.
низкий опрос.
снизьте лес{1.дерево}.


MULTIPLE MEANINGS:

1  wood: forest - лес; tree - дерево

снизьте лес{1.дерево}.


MULTIPLE MEANINGS:

1  wood: forest - лес; tree - дерево

низкая сестра.
снизьте хитрость.
снизьте хитрость.
снизьте хитрость.
снизьте хитрость.
снизьте хитрость.
снизьте хитрость.
снизьте хитрость.
снизьте нечто.
снизьте хитрость.
снизьте лес{1.дерево}.


MULTIPLE MEANINGS:

1  wood: forest - лес; tree - дерево

низкая сестра.
более низкая сестра.
более низкая сестра.
низкая сестра.
снижать нянчить.
снижать хитрость.
снижать нянчить.
низкая сестра.
низкая сестра.
низкая сестра.
снижать нянчить.
низкая сестра.
низкая сестра.
низкая сестра.
низкая сестра.
низкая сестра.
снижать нянчить.
снижать нянчить.
низкая сестра.
низкая сестра.
низкая сестра.
низкая сестра.
снижать нянчить.
низкая сестра.
низкая сестра.
низкая сестра.
низкая сестра.
низкая сестра.
низкая сестра.
снижать нянчить.
низкая сестра.
низкая сестра.
снижать нянчить.
снижать нянчить.
низкая сестра.
снизьте нянчить.
низкий нянчить.
низкая сестра.
низкий низкий уровень.
тонкая пеня{1.штраф}.


MULTIPLE MEANINGS:

1  fine: percentage for nonpayment on time - пеня; penalty - штраф

очищать очищать.
тонкая пеня{1.штраф}.


MULTIPLE MEANINGS:

1  fine: percentage for nonpayment on time - пеня; penalty - штраф

тонкая пеня{1.штраф}.


MULTIPLE MEANINGS:

1  fine: percentage for nonpayment on time - пеня; penalty - штраф

тонкая пеня{1.штраф}.


MULTIPLE MEANINGS:

1  fine: percentage for nonpayment on time - пеня; penalty - штраф

тонкая пеня{1.штраф}.


MULTIPLE MEANINGS:

1  fine: percentage for nonpayment on time - пеня; penalty - штраф

тонкая пеня{1.штраф}.


MULTIPLE MEANINGS:

1  fine: percentage for nonpayment on time - пеня; penalty - штраф

тонкая пеня{1.штраф}.


MULTIPLE MEANINGS:

1  fine: percentage for nonpayment on time - пеня; penalty - штраф

ZORK - игр риска, опасность, и низкая хитрость.
